<!DOCTYPE suite SYSTEM "http://testng.org/testng-1.0.dtd" >

<suite name="Google page test suite" verbose="1" configfailurepolicy="continue">
    <test name="Google search test">
        <classes>
            <class name="com.virtual.solution.tests.GoogleSearchTests"></class>
        </classes>
    </test>
</suite>
